[POST] https://openmanager-ai.vercel.app/api/sentry-tunnel => [FAILED] net::ERR_ABORTED
[POST] https://openmanager-ai.vercel.app/api/sentry-tunnel => [FAILED] net::ERR_ABORTED
[POST] https://openmanager-ai.vercel.app/api/sentry-tunnel => [202] 
[POST] https://openmanager-ai.vercel.app/api/sentry-tunnel => [202] 
[POST] https://openmanager-ai.vercel.app/api/sentry-tunnel => [202] 
[POST] https://openmanager-ai.vercel.app/api/sentry-tunnel => [202] 
[GET] https://openmanager-ai.vercel.app/?_rsc=17yrj => [200] 
[POST] https://openmanager-ai.vercel.app/api/sentry-tunnel => [202] 
[POST] https://openmanager-ai.vercel.app/api/sentry-tunnel => [202] 
[GET] https://openmanager-ai.vercel.app/?_rsc=m8m8p => [200] 
[GET] https://openmanager-ai.vercel.app/?_rsc=4c4j4 => [200] 
[GET] https://openmanager-ai.vercel.app/?_rsc=9c17x => [200] 
[POST] https://openmanager-ai.vercel.app/api/auth/guest-login => [200] 
[POST] https://openmanager-ai.vercel.app/api/ai/wake-up => [200] 
[GET] https://openmanager-ai.vercel.app/?_rsc=mk5p2 => [200] 
[POST] https://openmanager-ai.vercel.app/api/sentry-tunnel => [202] 
[POST] https://openmanager-ai.vercel.app/api/sentry-tunnel => [202] 
[GET] https://openmanager-ai.vercel.app/api/system => [200] 
[HEAD] https://openmanager-ai.vercel.app/api/system => [200] 
[GET] https://openmanager-ai.vercel.app/?_rsc=1r34m => [200] 
[POST] https://openmanager-ai.vercel.app/api/sentry-tunnel => [202] 
[POST] https://openmanager-ai.vercel.app/api/sentry-tunnel => [202] 
[HEAD] https://openmanager-ai.vercel.app/api/system => [200] 
[GET] https://openmanager-ai.vercel.app/?_rsc=1pn8p => [200] 
[GET] https://openmanager-ai.vercel.app/?_rsc=nn07o => [200] 
[GET] https://openmanager-ai.vercel.app/?_rsc=ivliq => [200] 
[POST] https://openmanager-ai.vercel.app/api/system => [200] 
[GET] https://openmanager-ai.vercel.app/system-boot?_rsc=84nwv => [200] 
[POST] https://openmanager-ai.vercel.app/api/sentry-tunnel => [202] 
[POST] https://openmanager-ai.vercel.app/api/sentry-tunnel => [202] 
[POST] https://openmanager-ai.vercel.app/api/sentry-tunnel => [202] 
[POST] https://openmanager-ai.vercel.app/api/sentry-tunnel => [202] 
[GET] https://openmanager-ai.vercel.app/dashboard?_rsc=f5hny => [200] 
[POST] https://openmanager-ai.vercel.app/api/sentry-tunnel => [202] 
[POST] https://openmanager-ai.vercel.app/api/sentry-tunnel => [202] 
[GET] https://openmanager-ai.vercel.app/api/system => [200] 
[POST] https://openmanager-ai.vercel.app/api/sentry-tunnel => [202] 
[POST] https://openmanager-ai.vercel.app/api/sentry-tunnel => [202] 
[GET] https://openmanager-ai.vercel.app/api/monitoring/report => [200] 
[GET] https://openmanager-ai.vercel.app/data/otel-data/hourly/hour-23.json => [200] 
[GET] https://openmanager-ai.vercel.app/data/otel-data/timeseries.json => [200] 
[GET] https://openmanager-ai.vercel.app/api/health?service=ai => [200] 
[POST] https://openmanager-ai.vercel.app/api/ai/supervisor/stream/v2 => [200] 
[POST] https://openmanager-ai.vercel.app/api/ai/supervisor/stream/v2 => [400] 