[POST] https://openmanager-ai.vercel.app/api/sentry-tunnel => [202] 
[POST] https://openmanager-ai.vercel.app/api/sentry-tunnel => [202] 
[POST] https://openmanager-ai.vercel.app/api/sentry-tunnel => [202] 
[POST] https://openmanager-ai.vercel.app/api/sentry-tunnel => [202] 
[POST] https://openmanager-ai.vercel.app/api/ai/wake-up => [200] 
[GET] https://openmanager-ai.vercel.app/data/otel-data/hourly/hour-15.json => [200] 
[POST] https://openmanager-ai.vercel.app/api/sentry-tunnel => [202] 
[GET] https://openmanager-ai.vercel.app/api/monitoring/report => [200] 
[GET] https://openmanager-ai.vercel.app/api/system => [200] 
[GET] https://openmanager-ai.vercel.app/data/otel-data/timeseries.json => [200] 
[GET] https://openmanager-ai.vercel.app/?_rsc=18t7j => [200] 
[POST] https://openmanager-ai.vercel.app/api/sentry-tunnel => [202] 
[GET] https://openmanager-ai.vercel.app/?_rsc=oh8t4 => [200] 
[GET] https://openmanager-ai.vercel.app/?_rsc=585va => [200] 
[GET] https://openmanager-ai.vercel.app/?_rsc=19f91 => [200] 
[GET] https://openmanager-ai.vercel.app/api/system => [200] 
[GET] https://openmanager-ai.vercel.app/api/health?service=ai => [200] 
[GET] https://openmanager-ai.vercel.app/api/database => [200] 
[GET] https://openmanager-ai.vercel.app/api/health?service=ai => [200] 
[POST] https://openmanager-ai.vercel.app/api/ai/supervisor/stream/v2 => [200] 
[POST] https://openmanager-ai.vercel.app/api/ai/supervisor/stream/v2 => [200] 